<?xml version="1.0" encoding="UTF-8"?>
<!-- Generated by org.testng.reporters.JUnitReportReporter -->
<testsuite skipped="0" hostname="DESKTOP-333TPSF" name="com.acourse.testcases.runtest" tests="1" failures="0" timestamp="2021-02-23T23:38:32 CST" time="37.511" errors="0">
  <testcase name="NavigateLeagues" time="37.511" classname="com.acourse.testcases.runtest"/>
  <system-out/>
</testsuite> <!-- com.acourse.testcases.runtest -->
